1592331612101	mozrunner::runner	INFO	Running command: "/usr/bin/firefox" "-marionette" "--headless" "-foreground" "-no-remote" "-profile" "/tmp/rust_mozprofileoNZ0JJ"
*** You are running in headless mode.
1592331617701	Marionette	INFO	Listening on port 37635
1592331617741	Marionette	WARN	TLS certificate errors will be ignored for this session
Exiting due to channel error.
Exiting due to channel error.
Exiting due to channel error.
1592339852481	mozrunner::runner	INFO	Running command: "/usr/bin/firefox" "-marionette" "--headless" "-foreground" "-no-remote" "-profile" "/tmp/rust_mozprofile1NaWk3"
*** You are running in headless mode.
1592339856574	Marionette	INFO	Listening on port 33649
1592339856610	Marionette	WARN	TLS certificate errors will be ignored for this session
Exiting due to channel error.
Exiting due to channel error.
Exiting due to channel error.
1592340013165	mozrunner::runner	INFO	Running command: "/usr/bin/firefox" "-marionette" "--headless" "-foreground" "-no-remote" "-profile" "/tmp/rust_mozprofileRhY9EA"
*** You are running in headless mode.
1592340017619	Marionette	INFO	Listening on port 35065
1592340017691	Marionette	WARN	TLS certificate errors will be ignored for this session
Exiting due to channel error.
Exiting due to channel error.
Exiting due to channel error.
1592340278175	mozrunner::runner	INFO	Running command: "/usr/bin/firefox" "-marionette" "--headless" "-foreground" "-no-remote" "-profile" "/tmp/rust_mozprofileHr2lrS"
*** You are running in headless mode.
1592341026272	mozrunner::runner	INFO	Running command: "/usr/bin/firefox" "-marionette" "--headless" "-foreground" "-no-remote" "-profile" "/tmp/rust_mozprofileF7Rm2w"
*** You are running in headless mode.
1592341030305	Marionette	INFO	Listening on port 32813
1592341030470	Marionette	WARN	TLS certificate errors will be ignored for this session
JavaScript error: resource://gre/actors/AutoCompleteChild.jsm, line 196: Error: Invalid autocomplete selectedIndex
JavaScript error: resource://gre/actors/AutoCompleteChild.jsm, line 196: Error: Invalid autocomplete selectedIndex
JavaScript error: resource://gre/modules/LoginManagerChild.jsm, line 174: NS_ERROR_XPC_JAVASCRIPT_ERROR_WITH_DETAILS: [JavaScript Error: "Invalid autocomplete selectedIndex" {file: "resource://gre/actors/AutoCompleteChild.jsm" line: 196}]'[JavaScript Error: "Invalid autocomplete selectedIndex" {file: "resource://gre/actors/AutoCompleteChild.jsm" line: 196}]' when calling method: [nsIAutoCompletePopup::selectedIndex]
1592341156001	mozrunner::runner	INFO	Running command: "/usr/bin/firefox" "-marionette" "--headless" "-foreground" "-no-remote" "-profile" "/tmp/rust_mozprofileRcHIFE"
*** You are running in headless mode.
1592341160347	Marionette	INFO	Listening on port 33067
1592341160417	Marionette	WARN	TLS certificate errors will be ignored for this session
1592341251227	mozrunner::runner	INFO	Running command: "/usr/bin/firefox" "-marionette" "--headless" "-foreground" "-no-remote" "-profile" "/tmp/rust_mozprofile3pFNhO"
*** You are running in headless mode.
1592341255309	Marionette	INFO	Listening on port 34693
1592341255363	Marionette	WARN	TLS certificate errors will be ignored for this session
1592341436636	mozrunner::runner	INFO	Running command: "/usr/bin/firefox" "-marionette" "--headless" "-foreground" "-no-remote" "-profile" "/tmp/rust_mozprofileBpFR1s"
*** You are running in headless mode.
1592341441113	Marionette	INFO	Listening on port 46283
1592341441186	Marionette	WARN	TLS certificate errors will be ignored for this session
Exiting due to channel error.
Exiting due to channel error.
Exiting due to channel error.
Exiting due to channel error.
Exiting due to channel error.
Exiting due to channel error.
Exiting due to channel error.
Exiting due to channel error.
Exiting due to channel error.
Exiting due to channel error.
Exiting due to channel error.
Exiting due to channel error.
1592377201608	mozrunner::runner	INFO	Running command: "/usr/bin/firefox" "-marionette" "--headless" "-foreground" "-no-remote" "-profile" "/tmp/rust_mozprofile9ZscDS"
*** You are running in headless mode.
1592377206136	Marionette	INFO	Listening on port 35815
1592377206165	Marionette	WARN	TLS certificate errors will be ignored for this session
Exiting due to channel error.
Exiting due to channel error.
Exiting due to channel error.
1592380619007	mozrunner::runner	INFO	Running command: "/usr/bin/firefox" "-marionette" "-foreground" "-no-remote" "-profile" "/tmp/rust_mozprofileSD452X"
1592380624369	Marionette	INFO	Listening on port 38975
1592380624515	Marionette	WARN	TLS certificate errors will be ignored for this session
Exiting due to channel error.
Exiting due to channel error.
Exiting due to channel error.
1592380877535	mozrunner::runner	INFO	Running command: "/usr/bin/firefox" "-marionette" "-foreground" "-no-remote" "-profile" "/tmp/rust_mozprofilewekuK6"
1592380881794	Marionette	INFO	Listening on port 42135
1592380881850	Marionette	WARN	TLS certificate errors will be ignored for this session
1592380892247	Marionette	INFO	Stopped listening on port 42135
1592380911351	mozrunner::runner	INFO	Running command: "/usr/bin/firefox" "-marionette" "--headless" "-foreground" "-no-remote" "-profile" "/tmp/rust_mozprofilenMG63S"
*** You are running in headless mode.
1592380917247	Marionette	INFO	Listening on port 37999
1592380917278	Marionette	WARN	TLS certificate errors will be ignored for this session
Exiting due to channel error.
Exiting due to channel error.
Exiting due to channel error.
1592382743104	mozrunner::runner	INFO	Running command: "/usr/bin/firefox" "-marionette" "--headless" "-foreground" "-no-remote" "-profile" "/tmp/rust_mozprofiledLoypK"
*** You are running in headless mode.
1592382747732	Marionette	INFO	Listening on port 45617
1592382747751	Marionette	WARN	TLS certificate errors will be ignored for this session
Exiting due to channel error.
Exiting due to channel error.
Exiting due to channel error.
1592403395950	mozrunner::runner	INFO	Running command: "/usr/bin/firefox" "-marionette" "--headless" "-foreground" "-no-remote" "-profile" "/tmp/rust_mozprofile71ELLx"
*** You are running in headless mode.
1592403401504	Marionette	INFO	Listening on port 38291
1592403401580	Marionette	WARN	TLS certificate errors will be ignored for this session
Exiting due to channel error.
Exiting due to channel error.
Exiting due to channel error.
1592482365016	mozrunner::runner	INFO	Running command: "/usr/bin/firefox" "-marionette" "--headless" "-foreground" "-no-remote" "-profile" "/tmp/rust_mozprofileqmQYwU"
*** You are running in headless mode.
1592482370560	Marionette	INFO	Listening on port 43267
1592482370646	Marionette	WARN	TLS certificate errors will be ignored for this session
JavaScript error: https://bilmuh.gtu.edu.tr/moodle/lib/javascript.php/-1/lib/requirejs/require.js, line 168: Error: Script error for "core/first"
http://requirejs.org/docs/errors.html#scripterror
Exiting due to channel error.
Exiting due to channel error.
Exiting due to channel error.
1592482993609	mozrunner::runner	INFO	Running command: "/usr/bin/firefox" "-marionette" "--headless" "-foreground" "-no-remote" "-profile" "/tmp/rust_mozprofile6ZJN7t"
*** You are running in headless mode.
1592482997750	Marionette	INFO	Listening on port 33885
1592482997833	Marionette	WARN	TLS certificate errors will be ignored for this session
1592496666574	mozrunner::runner	INFO	Running command: "/usr/bin/firefox" "-marionette" "--headless" "-foreground" "-no-remote" "-profile" "/tmp/rust_mozprofileRgGlgv"
*** You are running in headless mode.
1592496671172	Marionette	INFO	Listening on port 33747
1592496671204	Marionette	WARN	TLS certificate errors will be ignored for this session
JavaScript error: https://bilmuh.gtu.edu.tr/moodle/lib/javascript.php/-1/lib/requirejs/require.js, line 168: Error: Script error for "core/first"
http://requirejs.org/docs/errors.html#scripterror
1592504911840	mozrunner::runner	INFO	Running command: "/usr/bin/firefox" "-marionette" "--headless" "-foreground" "-no-remote" "-profile" "/tmp/rust_mozprofilem0miNh"
*** You are running in headless mode.
1592504917239	Marionette	INFO	Listening on port 45281
1592504917337	Marionette	WARN	TLS certificate errors will be ignored for this session
JavaScript error: https://bilmuh.gtu.edu.tr/moodle/lib/javascript.php/-1/lib/requirejs/require.js, line 168: Error: Script error for "jquery", needed by: jqueryprivate
http://requirejs.org/docs/errors.html#scripterror
Exiting due to channel error.
Exiting due to channel error.
Exiting due to channel error.
JavaScript error: , line 0: UnknownError: The operation failed for reasons unrelated to the database itself and not covered by any other error code.
JavaScript error: , line 0: UnknownError: The operation failed for reasons unrelated to the database itself and not covered by any other error code.
1592513632875	Marionette	INFO	Stopped listening on port 33885
1592513632906	Marionette	INFO	Stopped listening on port 33747

###!!! [Parent][RunMessage] Error: Channel closing: too late to send/recv, messages will be lost

1592559088473	mozrunner::runner	INFO	Running command: "/usr/bin/firefox" "-marionette" "--headless" "-foreground" "-no-remote" "-profile" "/tmp/rust_mozprofile5dkBB5"
*** You are running in headless mode.
1592559101198	Marionette	INFO	Listening on port 46423
1592559101428	Marionette	WARN	TLS certificate errors will be ignored for this session
1592559276160	mozrunner::runner	INFO	Running command: "/usr/bin/firefox" "-marionette" "--headless" "-foreground" "-no-remote" "-profile" "/tmp/rust_mozprofileUh6iYC"
*** You are running in headless mode.
1592559280082	Marionette	INFO	Listening on port 42525
1592559280175	Marionette	WARN	TLS certificate errors will be ignored for this session
Exiting due to channel error.
Exiting due to channel error.
Exiting due to channel error.
[GFX1-]: Receive IPC close with reason=AbnormalShutdown
Exiting due to channel error.
Exiting due to channel error.
Exiting due to channel error.
1592560424905	mozrunner::runner	INFO	Running command: "/usr/bin/firefox" "-marionette" "--headless" "-foreground" "-no-remote" "-profile" "/tmp/rust_mozprofilenSN2eT"
*** You are running in headless mode.
1592560444674	Marionette	INFO	Listening on port 39437
1592560444728	Marionette	WARN	TLS certificate errors will be ignored for this session
1592561376914	mozrunner::runner	INFO	Running command: "/usr/bin/firefox" "-marionette" "--headless" "-foreground" "-no-remote" "-profile" "/tmp/rust_mozprofileoqnqiX"
*** You are running in headless mode.
1592561381589	Marionette	INFO	Listening on port 40065
1592561383070	Marionette	WARN	TLS certificate errors will be ignored for this session
1592564445189	mozrunner::runner	INFO	Running command: "/usr/bin/firefox" "-marionette" "--headless" "-foreground" "-no-remote" "-profile" "/tmp/rust_mozprofiletLCj7I"
*** You are running in headless mode.
1592564450515	Marionette	INFO	Listening on port 35785
1592564450530	Marionette	WARN	TLS certificate errors will be ignored for this session
JavaScript error: https://bilmuh.gtu.edu.tr/moodle/lib/javascript.php/-1/lib/requirejs/require.js, line 168: Error: Script error for "core/first"
http://requirejs.org/docs/errors.html#scripterror
1592588192832	mozrunner::runner	INFO	Running command: "/usr/bin/firefox" "-marionette" "--headless" "-foreground" "-no-remote" "-profile" "/tmp/rust_mozprofileu23NEt"
*** You are running in headless mode.
1592588198911	Marionette	INFO	Listening on port 37077
1592588199038	Marionette	WARN	TLS certificate errors will be ignored for this session
Exiting due to channel error.
Exiting due to channel error.
Exiting due to channel error.
Exiting due to channel error.
Exiting due to channel error.
Exiting due to channel error.
JavaScript error: https://bilmuh.gtu.edu.tr/moodle/lib/javascript.php/-1/lib/javascript-static.js, line 678: ReferenceError: YUI is not defined
JavaScript error: https://bilmuh.gtu.edu.tr/moodle/my/, line 1502: ReferenceError: Y is not defined
JavaScript error: https://bilmuh.gtu.edu.tr/moodle/lib/javascript.php/-1/lib/requirejs/require.js, line 168: Error: Script error for "core/first"
http://requirejs.org/docs/errors.html#scripterror
A content process crashed and MOZ_CRASHREPORTER_SHUTDOWN is set, shutting down

###!!! [Parent][MessageChannel] Error: (msgtype=0xB8000C,name=PWindowGlobal::Msg_RawMessage) Channel error: cannot send/recv


###!!! [Parent][MessageChannel] Error: (msgtype=0x380133,name=PContent::Msg_AsyncMessage) Channel error: cannot send/recv


###!!! [Parent][MessageChannel] Error: (msgtype=0x380133,name=PContent::Msg_AsyncMessage) Channel error: cannot send/recv

A content process crashed and MOZ_CRASHREPORTER_SHUTDOWN is set, shutting down
JavaScript error: resource://gre/actors/BrowserElementParent.jsm, line 180: Error: permitUnload is already running for this tab.

###!!! [Parent][MessageChannel] Error: (msgtype=0x20004E,name=PBrowser::Msg_FlushTabState) Channel error: cannot send/recv


###!!! [Parent][MessageChannel] Error: (msgtype=0x200001,name=PBrowser::Msg_AsyncMessage) Channel error: cannot send/recv


###!!! [Parent][MessageChannel] Error: (msgtype=0x380133,name=PContent::Msg_AsyncMessage) Channel error: cannot send/recv


###!!! [Parent][MessageChannel] Error: (msgtype=0x380133,name=PContent::Msg_AsyncMessage) Channel error: cannot send/recv


###!!! [Parent][MessageChannel] Error: (msgtype=0x380133,name=PContent::Msg_AsyncMessage) Channel error: cannot send/recv


###!!! [Parent][MessageChannel] Error: (msgtype=0x38001D,name=PContent::Msg_RegisterChromeItem) Channel error: cannot send/recv


###!!! [Parent][MessageChannel] Error: (msgtype=0x380133,name=PContent::Msg_AsyncMessage) Channel error: cannot send/recv


###!!! [Parent][MessageChannel] Error: (msgtype=0x380133,name=PContent::Msg_AsyncMessage) Channel error: cannot send/recv


###!!! [Parent][MessageChannel] Error: (msgtype=0x380133,name=PContent::Msg_AsyncMessage) Channel error: cannot send/recv


###!!! [Parent][MessageChannel] Error: (msgtype=0x380133,name=PContent::Msg_AsyncMessage) Channel error: cannot send/recv


###!!! [Parent][MessageChannel] Error: (msgtype=0x380133,name=PContent::Msg_AsyncMessage) Channel error: cannot send/recv


###!!! [Parent][MessageChannel] Error: (msgtype=0x38001D,name=PContent::Msg_RegisterChromeItem) Channel error: cannot send/recv


###!!! [Parent][MessageChannel] Error: (msgtype=0x380032,name=PContent::Msg_UpdateAppLocales) Channel error: cannot send/recv


###!!! [Parent][MessageChannel] Error: (msgtype=0x38001D,name=PContent::Msg_RegisterChromeItem) Channel error: cannot send/recv


###!!! [Parent][MessageChannel] Error: (msgtype=0x380032,name=PContent::Msg_UpdateAppLocales) Channel error: cannot send/recv


###!!! [Parent][MessageChannel] Error: (msgtype=0x38001D,name=PContent::Msg_RegisterChromeItem) Channel error: cannot send/recv


###!!! [Parent][MessageChannel] Error: (msgtype=0x380133,name=PContent::Msg_AsyncMessage) Channel error: cannot send/recv


###!!! [Parent][MessageChannel] Error: (msgtype=0x380133,name=PContent::Msg_AsyncMessage) Channel error: cannot send/recv


###!!! [Parent][MessageChannel] Error: (msgtype=0x380133,name=PContent::Msg_AsyncMessage) Channel error: cannot send/recv


###!!! [Parent][MessageChannel] Error: (msgtype=0x380133,name=PContent::Msg_AsyncMessage) Channel error: cannot send/recv


###!!! [Parent][MessageChannel] Error: (msgtype=0x380133,name=PContent::Msg_AsyncMessage) Channel error: cannot send/recv


###!!! [Parent][MessageChannel] Error: (msgtype=0x380133,name=PContent::Msg_AsyncMessage) Channel error: cannot send/recv


###!!! [Parent][MessageChannel] Error: (msgtype=0x380133,name=PContent::Msg_AsyncMessage) Channel error: cannot send/recv


###!!! [Parent][MessageChannel] Error: (msgtype=0x380133,name=PContent::Msg_AsyncMessage) Channel error: cannot send/recv


###!!! [Parent][MessageChannel] Error: (msgtype=0x380133,name=PContent::Msg_AsyncMessage) Channel error: cannot send/recv


###!!! [Parent][MessageChannel] Error: (msgtype=0x380133,name=PContent::Msg_AsyncMessage) Channel error: cannot send/recv


###!!! [Parent][MessageChannel] Error: (msgtype=0x380133,name=PContent::Msg_AsyncMessage) Channel error: cannot send/recv


###!!! [Parent][MessageChannel] Error: (msgtype=0x380133,name=PContent::Msg_AsyncMessage) Channel error: cannot send/recv


###!!! [Parent][MessageChannel] Error: (msgtype=0x380133,name=PContent::Msg_AsyncMessage) Channel error: cannot send/recv


###!!! [Parent][MessageChannel] Error: (msgtype=0x380133,name=PContent::Msg_AsyncMessage) Channel error: cannot send/recv


###!!! [Parent][MessageChannel] Error: (msgtype=0x380133,name=PContent::Msg_AsyncMessage) Channel error: cannot send/recv


###!!! [Parent][MessageChannel] Error: (msgtype=0x380133,name=PContent::Msg_AsyncMessage) Channel error: cannot send/recv

JavaScript error: resource:///modules/sessionstore/SessionStore.jsm, line 2226: TypeError: subject.QueryInterface is not a function
A content process crashed and MOZ_CRASHREPORTER_SHUTDOWN is set, shutting down
JavaScript error: , line 0: UnknownError: The operation failed for reasons unrelated to the database itself and not covered by any other error code.
1592589092797	Marionette	INFO	Stopped listening on port 37077
Exiting due to channel error.
Exiting due to channel error.
Exiting due to channel error.
1592934792137	mozrunner::runner	INFO	Running command: "/usr/bin/firefox" "-marionette" "--headless" "-foreground" "-no-remote" "-profile" "/tmp/rust_mozprofilebRuh2E"
*** You are running in headless mode.
1592934799251	Marionette	INFO	Listening on port 45907
1592934799332	Marionette	WARN	TLS certificate errors will be ignored for this session
A content process crashed and MOZ_CRASHREPORTER_SHUTDOWN is set, shutting down

###!!! [Parent][MessageChannel] Error: (msgtype=0x380133,name=PContent::Msg_AsyncMessage) Channel error: cannot send/recv

A content process crashed and MOZ_CRASHREPORTER_SHUTDOWN is set, shutting down
JavaScript error: resource://gre/actors/BrowserElementParent.jsm, line 180: Error: permitUnload is already running for this tab.

###!!! [Parent][MessageChannel] Error: (msgtype=0x20004E,name=PBrowser::Msg_FlushTabState) Channel error: cannot send/recv


###!!! [Parent][MessageChannel] Error: (msgtype=0x200001,name=PBrowser::Msg_AsyncMessage) Channel error: cannot send/recv


###!!! [Parent][MessageChannel] Error: (msgtype=0x380133,name=PContent::Msg_AsyncMessage) Channel error: cannot send/recv


###!!! [Parent][MessageChannel] Error: (msgtype=0x380133,name=PContent::Msg_AsyncMessage) Channel error: cannot send/recv


###!!! [Parent][MessageChannel] Error: (msgtype=0x380133,name=PContent::Msg_AsyncMessage) Channel error: cannot send/recv


###!!! [Parent][MessageChannel] Error: (msgtype=0x38001D,name=PContent::Msg_RegisterChromeItem) Channel error: cannot send/recv


###!!! [Parent][MessageChannel] Error: (msgtype=0x380133,name=PContent::Msg_AsyncMessage) Channel error: cannot send/recv


###!!! [Parent][MessageChannel] Error: (msgtype=0x380133,name=PContent::Msg_AsyncMessage) Channel error: cannot send/recv


###!!! [Parent][MessageChannel] Error: (msgtype=0x380133,name=PContent::Msg_AsyncMessage) Channel error: cannot send/recv


###!!! [Parent][MessageChannel] Error: (msgtype=0x380133,name=PContent::Msg_AsyncMessage) Channel error: cannot send/recv


###!!! [Parent][MessageChannel] Error: (msgtype=0x380133,name=PContent::Msg_AsyncMessage) Channel error: cannot send/recv


###!!! [Parent][MessageChannel] Error: (msgtype=0x38001D,name=PContent::Msg_RegisterChromeItem) Channel error: cannot send/recv


###!!! [Parent][MessageChannel] Error: (msgtype=0x380032,name=PContent::Msg_UpdateAppLocales) Channel error: cannot send/recv


###!!! [Parent][MessageChannel] Error: (msgtype=0x38001D,name=PContent::Msg_RegisterChromeItem) Channel error: cannot send/recv


###!!! [Parent][MessageChannel] Error: (msgtype=0x380032,name=PContent::Msg_UpdateAppLocales) Channel error: cannot send/recv


###!!! [Parent][MessageChannel] Error: (msgtype=0x38001D,name=PContent::Msg_RegisterChromeItem) Channel error: cannot send/recv


###!!! [Parent][MessageChannel] Error: (msgtype=0x380133,name=PContent::Msg_AsyncMessage) Channel error: cannot send/recv


###!!! [Parent][MessageChannel] Error: (msgtype=0x380133,name=PContent::Msg_AsyncMessage) Channel error: cannot send/recv


###!!! [Parent][MessageChannel] Error: (msgtype=0x380133,name=PContent::Msg_AsyncMessage) Channel error: cannot send/recv


###!!! [Parent][MessageChannel] Error: (msgtype=0x380133,name=PContent::Msg_AsyncMessage) Channel error: cannot send/recv


###!!! [Parent][MessageChannel] Error: (msgtype=0x380133,name=PContent::Msg_AsyncMessage) Channel error: cannot send/recv


###!!! [Parent][MessageChannel] Error: (msgtype=0x380133,name=PContent::Msg_AsyncMessage) Channel error: cannot send/recv


###!!! [Parent][MessageChannel] Error: (msgtype=0x380133,name=PContent::Msg_AsyncMessage) Channel error: cannot send/recv


###!!! [Parent][MessageChannel] Error: (msgtype=0x380133,name=PContent::Msg_AsyncMessage) Channel error: cannot send/recv


###!!! [Parent][MessageChannel] Error: (msgtype=0x380133,name=PContent::Msg_AsyncMessage) Channel error: cannot send/recv


###!!! [Parent][MessageChannel] Error: (msgtype=0x380133,name=PContent::Msg_AsyncMessage) Channel error: cannot send/recv


###!!! [Parent][MessageChannel] Error: (msgtype=0x380133,name=PContent::Msg_AsyncMessage) Channel error: cannot send/recv


###!!! [Parent][MessageChannel] Error: (msgtype=0x380133,name=PContent::Msg_AsyncMessage) Channel error: cannot send/recv


###!!! [Parent][MessageChannel] Error: (msgtype=0x380133,name=PContent::Msg_AsyncMessage) Channel error: cannot send/recv


###!!! [Parent][MessageChannel] Error: (msgtype=0x380133,name=PContent::Msg_AsyncMessage) Channel error: cannot send/recv


###!!! [Parent][MessageChannel] Error: (msgtype=0x380133,name=PContent::Msg_AsyncMessage) Channel error: cannot send/recv


###!!! [Parent][MessageChannel] Error: (msgtype=0x380133,name=PContent::Msg_AsyncMessage) Channel error: cannot send/recv


###!!! [Parent][MessageChannel] Error: (msgtype=0x380035,name=PContent::Msg_UpdateSharedData) Channel error: cannot send/recv

[Parent 27377, Main Thread] WARNING: FileDescriptorSet destroyed with unconsumed descriptors: file /build/firefox-PX6VQo/firefox-77.0.1+build1/ipc/chromium/src/chrome/common/file_descriptor_set_posix.cc, line 19

###!!! [Parent][MessageChannel] Error: (msgtype=0x380035,name=PContent::Msg_UpdateSharedData) Channel error: cannot send/recv

[Parent 27377, Main Thread] WARNING: FileDescriptorSet destroyed with unconsumed descriptors: file /build/firefox-PX6VQo/firefox-77.0.1+build1/ipc/chromium/src/chrome/common/file_descriptor_set_posix.cc, line 19

###!!! [Parent][MessageChannel] Error: (msgtype=0x380035,name=PContent::Msg_UpdateSharedData) Channel error: cannot send/recv

[Parent 27377, Main Thread] WARNING: FileDescriptorSet destroyed with unconsumed descriptors: file /build/firefox-PX6VQo/firefox-77.0.1+build1/ipc/chromium/src/chrome/common/file_descriptor_set_posix.cc, line 19
JavaScript error: resource:///modules/sessionstore/SessionStore.jsm, line 2226: TypeError: subject.QueryInterface is not a function
A content process crashed and MOZ_CRASHREPORTER_SHUTDOWN is set, shutting down
1592934810441	Marionette	INFO	Stopped listening on port 45907
1592937139927	mozrunner::runner	INFO	Running command: "/usr/bin/firefox" "-marionette" "--headless" "-foreground" "-no-remote" "-profile" "/tmp/rust_mozprofileoWiY42"
*** You are running in headless mode.
1592937144280	Marionette	INFO	Listening on port 46321
1592937144350	Marionette	WARN	TLS certificate errors will be ignored for this session

###!!! [Parent][MessageChannel] Error: (msgtype=0x380133,name=PContent::Msg_AsyncMessage) Channel error: cannot send/recv

A content process crashed and MOZ_CRASHREPORTER_SHUTDOWN is set, shutting down

###!!! [Parent][MessageChannel] Error: (msgtype=0x380133,name=PContent::Msg_AsyncMessage) Channel error: cannot send/recv


###!!! [Parent][MessageChannel] Error: (msgtype=0x380133,name=PContent::Msg_AsyncMessage) Channel error: cannot send/recv


###!!! [Parent][MessageChannel] Error: (msgtype=0x380133,name=PContent::Msg_AsyncMessage) Channel error: cannot send/recv


###!!! [Parent][MessageChannel] Error: (msgtype=0x380133,name=PContent::Msg_AsyncMessage) Channel error: cannot send/recv


###!!! [Parent][MessageChannel] Error: (msgtype=0x38001D,name=PContent::Msg_RegisterChromeItem) Channel error: cannot send/recv


###!!! [Parent][MessageChannel] Error: (msgtype=0x38001D,name=PContent::Msg_RegisterChromeItem) Channel error: cannot send/recv


###!!! [Parent][MessageChannel] Error: (msgtype=0x380133,name=PContent::Msg_AsyncMessage) Channel error: cannot send/recv


###!!! [Parent][MessageChannel] Error: (msgtype=0x380133,name=PContent::Msg_AsyncMessage) Channel error: cannot send/recv


###!!! [Parent][MessageChannel] Error: (msgtype=0x380133,name=PContent::Msg_AsyncMessage) Channel error: cannot send/recv


###!!! [Parent][MessageChannel] Error: (msgtype=0x380133,name=PContent::Msg_AsyncMessage) Channel error: cannot send/recv


###!!! [Parent][MessageChannel] Error: (msgtype=0x380133,name=PContent::Msg_AsyncMessage) Channel error: cannot send/recv


###!!! [Parent][MessageChannel] Error: (msgtype=0x380133,name=PContent::Msg_AsyncMessage) Channel error: cannot send/recv


###!!! [Parent][MessageChannel] Error: (msgtype=0x380133,name=PContent::Msg_AsyncMessage) Channel error: cannot send/recv


###!!! [Parent][MessageChannel] Error: (msgtype=0x380133,name=PContent::Msg_AsyncMessage) Channel error: cannot send/recv


###!!! [Parent][MessageChannel] Error: (msgtype=0x380133,name=PContent::Msg_AsyncMessage) Channel error: cannot send/recv


###!!! [Parent][MessageChannel] Error: (msgtype=0x380133,name=PContent::Msg_AsyncMessage) Channel error: cannot send/recv


###!!! [Parent][MessageChannel] Error: (msgtype=0x38001D,name=PContent::Msg_RegisterChromeItem) Channel error: cannot send/recv


###!!! [Parent][MessageChannel] Error: (msgtype=0x38001D,name=PContent::Msg_RegisterChromeItem) Channel error: cannot send/recv


###!!! [Parent][MessageChannel] Error: (msgtype=0x380032,name=PContent::Msg_UpdateAppLocales) Channel error: cannot send/recv


###!!! [Parent][MessageChannel] Error: (msgtype=0x380032,name=PContent::Msg_UpdateAppLocales) Channel error: cannot send/recv


###!!! [Parent][MessageChannel] Error: (msgtype=0x38001D,name=PContent::Msg_RegisterChromeItem) Channel error: cannot send/recv


###!!! [Parent][MessageChannel] Error: (msgtype=0x38001D,name=PContent::Msg_RegisterChromeItem) Channel error: cannot send/recv


###!!! [Parent][MessageChannel] Error: (msgtype=0x380032,name=PContent::Msg_UpdateAppLocales) Channel error: cannot send/recv


###!!! [Parent][MessageChannel] Error: (msgtype=0x380032,name=PContent::Msg_UpdateAppLocales) Channel error: cannot send/recv


###!!! [Parent][MessageChannel] Error: (msgtype=0x38001D,name=PContent::Msg_RegisterChromeItem) Channel error: cannot send/recv


###!!! [Parent][MessageChannel] Error: (msgtype=0x38001D,name=PContent::Msg_RegisterChromeItem) Channel error: cannot send/recv


###!!! [Parent][MessageChannel] Error: (msgtype=0x380133,name=PContent::Msg_AsyncMessage) Channel error: cannot send/recv


###!!! [Parent][MessageChannel] Error: (msgtype=0x380133,name=PContent::Msg_AsyncMessage) Channel error: cannot send/recv


###!!! [Parent][MessageChannel] Error: (msgtype=0x380133,name=PContent::Msg_AsyncMessage) Channel error: cannot send/recv


###!!! [Parent][MessageChannel] Error: (msgtype=0x380133,name=PContent::Msg_AsyncMessage) Channel error: cannot send/recv


###!!! [Parent][MessageChannel] Error: (msgtype=0x380133,name=PContent::Msg_AsyncMessage) Channel error: cannot send/recv


###!!! [Parent][MessageChannel] Error: (msgtype=0x380133,name=PContent::Msg_AsyncMessage) Channel error: cannot send/recv


###!!! [Parent][MessageChannel] Error: (msgtype=0x380133,name=PContent::Msg_AsyncMessage) Channel error: cannot send/recv


###!!! [Parent][MessageChannel] Error: (msgtype=0x380133,name=PContent::Msg_AsyncMessage) Channel error: cannot send/recv


###!!! [Parent][MessageChannel] Error: (msgtype=0x380133,name=PContent::Msg_AsyncMessage) Channel error: cannot send/recv


###!!! [Parent][MessageChannel] Error: (msgtype=0x380133,name=PContent::Msg_AsyncMessage) Channel error: cannot send/recv


###!!! [Parent][MessageChannel] Error: (msgtype=0x380133,name=PContent::Msg_AsyncMessage) Channel error: cannot send/recv


###!!! [Parent][MessageChannel] Error: (msgtype=0x380133,name=PContent::Msg_AsyncMessage) Channel error: cannot send/recv


###!!! [Parent][MessageChannel] Error: (msgtype=0x380133,name=PContent::Msg_AsyncMessage) Channel error: cannot send/recv


###!!! [Parent][MessageChannel] Error: (msgtype=0x380133,name=PContent::Msg_AsyncMessage) Channel error: cannot send/recv


###!!! [Parent][MessageChannel] Error: (msgtype=0x380133,name=PContent::Msg_AsyncMessage) Channel error: cannot send/recv


###!!! [Parent][MessageChannel] Error: (msgtype=0x380133,name=PContent::Msg_AsyncMessage) Channel error: cannot send/recv


###!!! [Parent][MessageChannel] Error: (msgtype=0x380133,name=PContent::Msg_AsyncMessage) Channel error: cannot send/recv


###!!! [Parent][MessageChannel] Error: (msgtype=0x380133,name=PContent::Msg_AsyncMessage) Channel error: cannot send/recv


###!!! [Parent][MessageChannel] Error: (msgtype=0x380133,name=PContent::Msg_AsyncMessage) Channel error: cannot send/recv


###!!! [Parent][MessageChannel] Error: (msgtype=0x380133,name=PContent::Msg_AsyncMessage) Channel error: cannot send/recv


###!!! [Parent][MessageChannel] Error: (msgtype=0x380133,name=PContent::Msg_AsyncMessage) Channel error: cannot send/recv


###!!! [Parent][MessageChannel] Error: (msgtype=0x380133,name=PContent::Msg_AsyncMessage) Channel error: cannot send/recv


###!!! [Parent][MessageChannel] Error: (msgtype=0x380133,name=PContent::Msg_AsyncMessage) Channel error: cannot send/recv


###!!! [Parent][MessageChannel] Error: (msgtype=0x380133,name=PContent::Msg_AsyncMessage) Channel error: cannot send/recv


###!!! [Parent][MessageChannel] Error: (msgtype=0x380133,name=PContent::Msg_AsyncMessage) Channel error: cannot send/recv


###!!! [Parent][MessageChannel] Error: (msgtype=0x380133,name=PContent::Msg_AsyncMessage) Channel error: cannot send/recv


###!!! [Parent][MessageChannel] Error: (msgtype=0x380133,name=PContent::Msg_AsyncMessage) Channel error: cannot send/recv


###!!! [Parent][MessageChannel] Error: (msgtype=0x380133,name=PContent::Msg_AsyncMessage) Channel error: cannot send/recv


###!!! [Parent][MessageChannel] Error: (msgtype=0x380133,name=PContent::Msg_AsyncMessage) Channel error: cannot send/recv


###!!! [Parent][MessageChannel] Error: (msgtype=0x380133,name=PContent::Msg_AsyncMessage) Channel error: cannot send/recv


###!!! [Parent][MessageChannel] Error: (msgtype=0x380133,name=PContent::Msg_AsyncMessage) Channel error: cannot send/recv


###!!! [Parent][MessageChannel] Error: (msgtype=0x380133,name=PContent::Msg_AsyncMessage) Channel error: cannot send/recv

A content process crashed and MOZ_CRASHREPORTER_SHUTDOWN is set, shutting down

###!!! [Parent][MessageChannel] Error: (msgtype=0x380035,name=PContent::Msg_UpdateSharedData) Channel error: cannot send/recv

[Parent 28940, Main Thread] WARNING: FileDescriptorSet destroyed with unconsumed descriptors: file /build/firefox-PX6VQo/firefox-77.0.1+build1/ipc/chromium/src/chrome/common/file_descriptor_set_posix.cc, line 19

###!!! [Parent][MessageChannel] Error: (msgtype=0x380035,name=PContent::Msg_UpdateSharedData) Channel error: cannot send/recv

[Parent 28940, Main Thread] WARNING: FileDescriptorSet destroyed with unconsumed descriptors: file /build/firefox-PX6VQo/firefox-77.0.1+build1/ipc/chromium/src/chrome/common/file_descriptor_set_posix.cc, line 19

###!!! [Parent][MessageChannel] Error: (msgtype=0x380035,name=PContent::Msg_UpdateSharedData) Channel error: cannot send/recv

[Parent 28940, Main Thread] WARNING: FileDescriptorSet destroyed with unconsumed descriptors: file /build/firefox-PX6VQo/firefox-77.0.1+build1/ipc/chromium/src/chrome/common/file_descriptor_set_posix.cc, line 19

###!!! [Parent][MessageChannel] Error: (msgtype=0x380035,name=PContent::Msg_UpdateSharedData) Channel error: cannot send/recv

[Parent 28940, Main Thread] WARNING: FileDescriptorSet destroyed with unconsumed descriptors: file /build/firefox-PX6VQo/firefox-77.0.1+build1/ipc/chromium/src/chrome/common/file_descriptor_set_posix.cc, line 19
JavaScript error: resource:///modules/sessionstore/SessionStore.jsm, line 2226: TypeError: subject.QueryInterface is not a function
JavaScript error: chrome://global/content/elements/browser-custom-element.js, line 1042: TypeError: this.ownerGlobal is null
JavaScript error: , line 0: UnknownError: The operation failed for reasons unrelated to the database itself and not covered by any other error code.
1592937583811	Marionette	INFO	Stopped listening on port 46321
